[    3785ms] [WARNING] The resource http://localhost:3000/_next/static/css/app/layout.css?v=1772670217162 was preloaded using link preload but not used within a few seconds from the window's load event. Please make sure it has an appropriate `as` value and it is preloaded intentionally. @ http://localhost:3000/admin/login:0
[    7093ms] [WARNING] The resource http://localhost:3000/_next/static/css/app/layout.css?v=1772670217162 was preloaded using link preload but not used within a few seconds from the window's load event. Please make sure it has an appropriate `as` value and it is preloaded intentionally. @ http://localhost:3000/admin/login:0
[   10296ms] [WARNING] The resource http://localhost:3000/_next/static/css/app/layout.css?v=1772670217162 was preloaded using link preload but not used within a few seconds from the window's load event. Please make sure it has an appropriate `as` value and it is preloaded intentionally. @ http://localhost:3000/admin/login:0
[   16856ms] [ERROR] Failed to load resource: the server responded with a status of 500 (Internal Server Error) @ http://localhost:3000/api/todos?completed=false:0
[   17449ms] [ERROR] Failed to load resource: the server responded with a status of 500 (Internal Server Error) @ http://localhost:3000/api/todos?completed=false:0
[   20982ms] [WARNING] The resource http://localhost:3000/_next/static/css/app/layout.css?v=1772670217162 was preloaded using link preload but not used within a few seconds from the window's load event. Please make sure it has an appropriate `as` value and it is preloaded intentionally. @ http://localhost:3000/admin/dashboard:0
[   24876ms] [ERROR] Failed to load resource: the server responded with a status of 500 (Internal Server Error) @ http://localhost:3000/api/scheduler/media?client_id=e1b61d86-8c55-4c5b-b19c-a1542b41492d:0
[   24877ms] [ERROR] Media fetch failed: 500 {"error":"Failed to load media"} @ webpack-internal:///(app-pages-browser)/./node_modules/next/dist/next-devtools/userspace/app/errors/intercept-console-error.js:56
[   24908ms] [ERROR] Failed to load resource: the server responded with a status of 500 (Internal Server Error) @ http://localhost:3000/api/scheduler/profiles?client_id=e1b61d86-8c55-4c5b-b19c-a1542b41492d:0
[   25006ms] [ERROR] Failed to load resource: the server responded with a status of 500 (Internal Server Error) @ http://localhost:3000/api/scheduler/posts?client_id=e1b61d86-8c55-4c5b-b19c-a1542b41492d&start=2026-03-01&end=2026-03-31:0
[   25006ms] [ERROR] Posts fetch failed: 500 {"error":"Failed to load posts"} @ webpack-internal:///(app-pages-browser)/./node_modules/next/dist/next-devtools/userspace/app/errors/intercept-console-error.js:56
[   28498ms] [WARNING] The resource http://localhost:3000/_next/static/css/app/layout.css?v=1772670217162 was preloaded using link preload but not used within a few seconds from the window's load event. Please make sure it has an appropriate `as` value and it is preloaded intentionally. @ http://localhost:3000/admin/scheduler:0
[   31945ms] [ERROR] Failed to load resource: the server responded with a status of 500 (Internal Server Error) @ http://localhost:3000/api/notifications?limit=10:0
[   36593ms] [WARNING] The resource http://localhost:3000/_next/static/css/app/layout.css?v=1772670217162 was preloaded using link preload but not used within a few seconds from the window's load event. Please make sure it has an appropriate `as` value and it is preloaded intentionally. @ http://localhost:3000/admin/clients:0
[   40873ms] [ERROR] Failed to load resource: the server responded with a status of 500 (Internal Server Error) @ http://localhost:3000/api/social/profiles?clientId=e1b61d86-8c55-4c5b-b19c-a1542b41492d:0
[   41394ms] [ERROR] Failed to load resource: the server responded with a status of 500 (Internal Server Error) @ http://localhost:3000/api/social/profiles?clientId=e1b61d86-8c55-4c5b-b19c-a1542b41492d:0
[   41508ms] [ERROR] Failed to load resource: the server responded with a status of 500 (Internal Server Error) @ http://localhost:3000/api/clients/e1b61d86-8c55-4c5b-b19c-a1542b41492d/contacts:0
[   42146ms] [ERROR] Failed to load resource: the server responded with a status of 500 (Internal Server Error) @ http://localhost:3000/api/clients/e1b61d86-8c55-4c5b-b19c-a1542b41492d/contacts:0
[   45572ms] [WARNING] The resource http://localhost:3000/_next/static/css/app/layout.css?v=1772670217162 was preloaded using link preload but not used within a few seconds from the window's load event. Please make sure it has an appropriate `as` value and it is preloaded intentionally. @ http://localhost:3000/admin/clients/all-shutters-and-blinds:0
[   49002ms] [WARNING] The resource http://localhost:3000/_next/static/css/app/layout.css?v=1772670217162 was preloaded using link preload but not used within a few seconds from the window's load event. Please make sure it has an appropriate `as` value and it is preloaded intentionally. @ http://localhost:3000/admin/clients/all-shutters-and-blinds:0
[   53077ms] [ERROR] Failed to load resource: the server responded with a status of 500 (Internal Server Error) @ http://localhost:3000/api/scheduler/connect:0
[   56360ms] [ERROR] Failed to load resource: the server responded with a status of 500 (Internal Server Error) @ http://localhost:3000/api/scheduler/connect:0
[   58641ms] [ERROR] Failed to load resource: the server responded with a status of 500 (Internal Server Error) @ http://localhost:3000/api/scheduler/connect:0
[   61448ms] [ERROR] Failed to load resource: the server responded with a status of 500 (Internal Server Error) @ http://localhost:3000/api/notifications?limit=10:0
